<?xml version="1.0" encoding="UTF-8"?>
<!-- Generated by org.testng.reporters.JUnitReportReporter -->
<testsuite skipped="0" hostname="hp" name="testCases.yahooPagesTest" tests="2" failures="0" timestamp="19 Aug 2019 14:03:04 GMT" time="18.781" errors="0">
  <testcase name="url" time="12.840" classname="testCases.yahooPagesTest"/>
  <testcase name="test1" time="5.941" classname="testCases.yahooPagesTest"/>
</testsuite> <!-- testCases.yahooPagesTest -->
