<?xml version="1.0" encoding="UTF-8"?>
<!-- Generated by org.testng.reporters.JUnitReportReporter -->
<testsuite skipped="0" hostname="hp" name="testCases.yahooPagesTest" tests="2" failures="0" timestamp="16 Aug 2019 16:37:36 GMT" time="28.608" errors="0">
  <testcase name="url" time="16.596" classname="testCases.yahooPagesTest"/>
  <testcase name="test1" time="12.012" classname="testCases.yahooPagesTest"/>
</testsuite> <!-- testCases.yahooPagesTest -->
