<?xml version="1.0" encoding="UTF-8"?>
<!-- Generated by org.testng.reporters.JUnitReportReporter -->
<testsuite skipped="0" hostname="hp" name="testCases.yahooPagesTest" tests="2" failures="0" timestamp="22 Aug 2019 14:31:06 GMT" time="19.465" errors="0">
  <testcase name="url" time="11.353" classname="testCases.yahooPagesTest"/>
  <testcase name="test1" time="8.112" classname="testCases.yahooPagesTest"/>
</testsuite> <!-- testCases.yahooPagesTest -->
