<?xml version="1.0" encoding="UTF-8"?>
<!-- Generated by org.testng.reporters.JUnitReportReporter -->
<testsuite hostname="hp" name="extentReport.ExtentreportVersion3" tests="1" failures="0" timestamp="1 May 2019 22:55:06 GMT" time="0.826" errors="0">
  <testcase name="LoginTest" time="0.826" classname="extentReport.ExtentreportVersion3"/>
</testsuite> <!-- extentReport.ExtentreportVersion3 -->
