<?xml version="1.0" encoding="UTF-8"?>
<!-- Generated by org.testng.reporters.JUnitReportReporter -->
<testsuite hostname="hp" name="SampleTestcases.defaultFirefox" tests="1" failures="0" timestamp="9 May 2019 13:51:55 GMT" time="39.626" errors="0">
  <testcase name="defaultProfile" time="39.626" classname="SampleTestcases.defaultFirefox"/>
</testsuite> <!-- SampleTestcases.defaultFirefox -->
