<?xml version="1.0" encoding="UTF-8"?>
<!-- Generated by org.testng.reporters.JUnitReportReporter -->
<testsuite hostname="hp" name="pageObjectModel.AAPageobjectmodel" tests="1" failures="0" timestamp="3 May 2019 13:22:15 GMT" time="16.285" errors="0">
  <testcase name="AADetails" time="16.285" classname="pageObjectModel.AAPageobjectmodel"/>
</testsuite> <!-- pageObjectModel.AAPageobjectmodel -->
