<?xml version="1.0" encoding="UTF-8"?>
<!-- Generated by org.testng.reporters.JUnitReportReporter -->
<testsuite hostname="hp" name="SampleTestcases.dataProviderInExcelSheet" tests="5" failures="0" timestamp="16 May 2019 11:57:47 GMT" time="138.907" errors="0">
  <testcase name="testFirefox" time="24.514" classname="SampleTestcases.dataProviderInExcelSheet"/>
  <testcase name="testFirefox" time="33.541" classname="SampleTestcases.dataProviderInExcelSheet"/>
  <testcase name="testFirefox" time="28.154" classname="SampleTestcases.dataProviderInExcelSheet"/>
  <testcase name="testFirefox" time="25.874" classname="SampleTestcases.dataProviderInExcelSheet"/>
  <testcase name="testFirefox" time="26.824" classname="SampleTestcases.dataProviderInExcelSheet"/>
</testsuite> <!-- SampleTestcases.dataProviderInExcelSheet -->
