<?xml version="1.0" encoding="UTF-8"?>
<!-- Generated by org.testng.reporters.JUnitReportReporter -->
<testsuite hostname="hp" name="SampleTestcases.autoIT" tests="1" failures="0" timestamp="8 May 2019 22:26:41 GMT" time="18.096" errors="0">
  <testcase name="AutoIT" time="18.096" classname="SampleTestcases.autoIT"/>
</testsuite> <!-- SampleTestcases.autoIT -->
