<?xml version="1.0" encoding="UTF-8"?>
<!-- Generated by org.testng.reporters.JUnitReportReporter -->
<testsuite hostname="hp" name="pageObjectModel.Pageobjectfactory" tests="2" failures="0" timestamp="17 Apr 2019 20:38:27 GMT" time="14.831" errors="0">
  <testcase name="open" time="12.404" classname="pageObjectModel.Pageobjectfactory"/>
  <testcase name="Details" time="2.427" classname="pageObjectModel.Pageobjectfactory"/>
</testsuite> <!-- pageObjectModel.Pageobjectfactory -->
