<?xml version="1.0" encoding="UTF-8"?>
<!-- Generated by org.testng.reporters.JUnitReportReporter -->
<testsuite hostname="hp" name="SampleTestcases.dataProviderIn2DArray" tests="2" failures="0" timestamp="16 May 2019 12:52:23 GMT" time="69.817" errors="0">
  <testcase name="testFirefox" time="33.762" classname="SampleTestcases.dataProviderIn2DArray"/>
  <testcase name="testFirefox" time="36.055" classname="SampleTestcases.dataProviderIn2DArray"/>
</testsuite> <!-- SampleTestcases.dataProviderIn2DArray -->
