<?xml version="1.0" encoding="UTF-8"?>
<!-- Generated by org.testng.reporters.JUnitReportReporter -->
<testsuite hostname="hp" name="dayten.TestNG" tests="3" failures="0" timestamp="3 Jun 2019 18:19:04 GMT" time="0.022" errors="0">
  <testcase name="firstmethod" time="0.012" classname="dayten.TestNG"/>
  <testcase name="secondmethod" time="0.005" classname="dayten.TestNG"/>
  <testcase name="lastmethod" time="0.005" classname="dayten.TestNG"/>
</testsuite> <!-- dayten.TestNG -->
