<?xml version="1.0" encoding="UTF-8"?>
<!-- Generated by org.testng.reporters.JUnitReportReporter -->
<testsuite hostname="hp" name="SampleTestcases.TestCase1" tests="2" failures="0" timestamp="28 May 2019 15:59:40 GMT" time="36.779" errors="0">
  <testcase name="test1" time="28.452" classname="SampleTestcases.TestCase1"/>
  <testcase name="test1" time="8.327" classname="SampleTestcases.TestCase1"/>
</testsuite> <!-- SampleTestcases.TestCase1 -->
