<?xml version="1.0" encoding="UTF-8"?>
<!-- Generated by org.testng.reporters.JUnitReportReporter -->
<testsuite hostname="hp" name="thirteenandfourteen.Utility" tests="1" failures="0" timestamp="10 Apr 2019 11:21:44 GMT" time="16.972" errors="0">
  <testcase name="method" time="16.972" classname="thirteenandfourteen.Utility"/>
</testsuite> <!-- thirteenandfourteen.Utility -->
