<?xml version="1.0" encoding="UTF-8"?>
<!-- Generated by org.testng.reporters.JUnitReportReporter -->
<testsuite hostname="hp" name="thirteenandfourteen.Takesscreenshot" tests="1" failures="0" timestamp="17 Apr 2019 22:30:48 GMT" time="12.253" errors="0">
  <testcase name="details" time="12.253" classname="thirteenandfourteen.Takesscreenshot"/>
</testsuite> <!-- thirteenandfourteen.Takesscreenshot -->
