<?xml version="1.0" encoding="UTF-8"?>
<!-- Generated by org.testng.reporters.JUnitReportReporter -->
<testsuite hostname="hp" name="SampleTestcases.withOutSendKeys" tests="1" failures="0" timestamp="9 May 2019 14:34:00 GMT" time="21.278" errors="0">
  <testcase name="withJavascipt" time="21.278" classname="SampleTestcases.withOutSendKeys"/>
</testsuite> <!-- SampleTestcases.withOutSendKeys -->
