<?xml version="1.0" encoding="UTF-8"?>
<!-- Generated by org.testng.reporters.JUnitReportReporter -->
<testsuite hostname="hp" name="dayten.TestNG" tests="3" failures="0" timestamp="31 May 2019 12:50:21 GMT" time="0.012" errors="0">
  <testcase name="firstmethod" time="0.007" classname="dayten.TestNG"/>
  <testcase name="secondmethod" time="0.002" classname="dayten.TestNG"/>
  <testcase name="lastmethod" time="0.003" classname="dayten.TestNG"/>
</testsuite> <!-- dayten.TestNG -->
