<?xml version="1.0" encoding="UTF-8"?>
<!-- Generated by org.testng.reporters.JUnitReportReporter -->
<testsuite skipped="0" hostname="hp" name="dataProvider.ExcelDataProvider" tests="1" failures="0" timestamp="14 Aug 2019 17:57:28 GMT" time="0.223" errors="0">
  <testcase name="triger" time="0.223" classname="dataProvider.ExcelDataProvider"/>
</testsuite> <!-- dataProvider.ExcelDataProvider -->
