<?xml version="1.0" encoding="UTF-8"?>
<!-- Generated by org.testng.reporters.JUnitReportReporter -->
<testsuite skipped="0" hostname="hp" name="testCases.yahooPagesTest" tests="1" failures="0" timestamp="07 Jun 2019 16:34:58 GMT" time="27.709" errors="0">
  <testcase name="test" time="27.709" classname="testCases.yahooPagesTest"/>
</testsuite> <!-- testCases.yahooPagesTest -->
