<?xml version="1.0" encoding="UTF-8"?>
<!-- Generated by org.testng.reporters.JUnitReportReporter -->
<testsuite skipped="0" hostname="hp" name="testCases.yahooPagesTest" tests="2" failures="0" timestamp="16 Aug 2019 16:21:39 GMT" time="42.525" errors="0">
  <testcase name="url" time="26.379" classname="testCases.yahooPagesTest"/>
  <testcase name="test1" time="16.146" classname="testCases.yahooPagesTest"/>
</testsuite> <!-- testCases.yahooPagesTest -->
