<?xml version="1.0" encoding="UTF-8"?>
<!-- Generated by org.testng.reporters.JUnitReportReporter -->
<testsuite skipped="0" hostname="hp" name="dataProvider.ConfigDataProvider" tests="1" failures="0" timestamp="16 Aug 2019 15:53:02 GMT" time="5.060" errors="0">
  <testcase name="smallTest" time="5.060" classname="dataProvider.ConfigDataProvider"/>
</testsuite> <!-- dataProvider.ConfigDataProvider -->
