<?xml version="1.0" encoding="UTF-8"?>
<!-- Generated by org.testng.reporters.JUnitReportReporter -->
<testsuite skipped="0" hostname="hp" name="testCases.yahooPagesTest" tests="2" failures="0" timestamp="16 Aug 2019 18:00:44 GMT" time="45.078" errors="0">
  <testcase name="url" time="29.962" classname="testCases.yahooPagesTest"/>
  <testcase name="test1" time="15.116" classname="testCases.yahooPagesTest"/>
</testsuite> <!-- testCases.yahooPagesTest -->
